[2025-06-30 20:37:37,984] INFO: App started
[2025-06-30 20:37:39,799] ERROR: Something went wrong in risky_operation
Traceback (most recent call last):
  File "/home/ben31w/projects/learning/python_logging/tkinter_logging.py", line 28, in risky_operation
    raise ValueError("This is a simulated error.")
ValueError: This is a simulated error.
[2025-06-30 20:38:03,088] INFO: App started
[2025-06-30 20:39:39,726] ERROR: Something went wrong in risky_operation
Traceback (most recent call last):
  File "/home/ben31w/projects/learning/python_logging/tkinter_logging.py", line 27, in risky_operation
    logger = logging.getLogger(__name__)
            ^^^^^^^^^^^^^^^^^^^^^^^^^^^^^
ValueError: This is a simulated error.
[2025-06-30 20:39:44,089] INFO: App closed
[2025-06-30 20:41:29,137] INFO: App started
[2025-06-30 20:41:36,252] ERROR: Error in risky_operation
Traceback (most recent call last):
  File "/home/ben31w/projects/learning/python_logging/tkinter_text_logging.py", line 20, in risky_operation
    raise RuntimeError("Something failed.")
RuntimeError: Something failed.
[2025-06-30 20:43:25,491] INFO: App closed
[2025-06-30 20:43:29,044] INFO: App started
[2025-06-30 20:43:31,658] ERROR: Error in risky_operation
Traceback (most recent call last):
  File "/home/ben31w/projects/learning/python_logging/tkinter_text_logging.py", line 22, in risky_operation
    raise RuntimeError("Something failed.")
RuntimeError: Something failed.
[2025-06-30 20:43:34,650] ERROR: Error in risky_operation
Traceback (most recent call last):
  File "/home/ben31w/projects/learning/python_logging/tkinter_text_logging.py", line 22, in risky_operation
    raise RuntimeError("Something failed.")
RuntimeError: Something failed.
[2025-06-30 20:43:36,378] ERROR: Error in risky_operation
Traceback (most recent call last):
  File "/home/ben31w/projects/learning/python_logging/tkinter_text_logging.py", line 22, in risky_operation
    raise RuntimeError("Something failed.")
RuntimeError: Something failed.
[2025-06-30 20:43:38,794] ERROR: Error in risky_operation
Traceback (most recent call last):
  File "/home/ben31w/projects/learning/python_logging/tkinter_text_logging.py", line 22, in risky_operation
    raise RuntimeError("Something failed.")
RuntimeError: Something failed.
[2025-06-30 20:45:02,245] INFO: App closed
[2025-06-30 20:47:46,097] INFO: App started
[2025-06-30 20:47:47,598] ERROR: Error in risky_operation
Traceback (most recent call last):
  File "/home/ben31w/projects/learning/python_logging/tkinter_text_logging.py", line 39, in risky_operation
    raise RuntimeError("Something failed.")
RuntimeError: Something failed.
[2025-06-30 20:49:57,354] INFO: App closed
[2025-06-30 20:55:11,818] INFO: App started
[2025-06-30 20:55:15,421] DEBUG: Debug in debug_operation
[2025-06-30 20:55:16,829] INFO: Info in info_operation
[2025-06-30 20:55:18,029] WARNING: Warning in warning_operation
[2025-06-30 20:55:19,333] ERROR: Error in error_operation
Traceback (most recent call last):
  File "/home/ben31w/projects/learning/python_logging/tkinter_text_logging.py", line 48, in error_operation
    raise RuntimeError("Something failed.")
RuntimeError: Something failed.
[2025-06-30 20:55:25,197] CRITICAL: Error in critical_operation
[2025-06-30 20:56:06,020] CRITICAL: Error in critical_operation
[2025-06-30 20:56:15,196] ERROR: Error in error_operation
Traceback (most recent call last):
  File "/home/ben31w/projects/learning/python_logging/tkinter_text_logging.py", line 48, in error_operation
    raise RuntimeError("Something failed.")
RuntimeError: Something failed.
[2025-06-30 20:57:46,837] INFO: App started
[2025-06-30 20:57:48,319] CRITICAL: Error in critical_operation
Traceback (most recent call last):
  File "/home/ben31w/projects/learning/python_logging/tkinter_text_logging.py", line 55, in critical_operation
    raise RuntimeError("Something failed.")
RuntimeError: Something failed.
[2025-06-30 20:57:50,471] ERROR: Error in error_operation
Traceback (most recent call last):
  File "/home/ben31w/projects/learning/python_logging/tkinter_text_logging.py", line 48, in error_operation
    raise RuntimeError("Something failed.")
RuntimeError: Something failed.
[2025-06-30 20:57:55,198] INFO: App closed
